This is pdfTeX, Version 3.14159265-2.6-1.40.19 (TeX Live 2018) (preloaded format=pdflatex 2018.4.16)  19 MAY 2020 21:20
entering extended mode
 restricted \write18 enabled.
 file:line:error style messages enabled.
 %&-line parsing enabled.
**/Users/robertshi/Desktop/F'19/oxfordExchange/4thYrProject/tex/draft_3_spell_and_grammar.tex
(/Users/robertshi/Desktop/F'19/oxfordExchange/4thYrProject/tex/draft_3_spell_and_grammar.tex
LaTeX2e <2018-04-01> patch level 2
Babel <3.18> and hyphenation patterns for 84 language(s) loaded.
(/usr/local/texlive/2018/texmf-dist/tex/latex/base/article.cls
Document Class: article 2014/09/29 v1.4h Standard LaTeX document class
(/usr/local/texlive/2018/texmf-dist/tex/latex/base/size12.clo
File: size12.clo 2014/09/29 v1.4h Standard LaTeX file (size option)
)
\c@part=\count80
\c@section=\count81
\c@subsection=\count82
\c@subsubsection=\count83
\c@paragraph=\count84
\c@subparagraph=\count85
\c@figure=\count86
\c@table=\count87
\abovecaptionskip=\skip41
\belowcaptionskip=\skip42
\bibindent=\dimen102
) (/usr/local/texlive/2018/texmf-dist/tex/latex/geometry/geometry.sty
Package: geometry 2018/03/24 v5.7 Page Geometry
 (/usr/local/texlive/2018/texmf-dist/tex/latex/graphics/keyval.sty
Package: keyval 2014/10/28 v1.15 key=value parser (DPC)
\KV@toks@=\toks14
) (/usr/local/texlive/2018/texmf-dist/tex/generic/oberdiek/ifpdf.sty
Package: ifpdf 2017/03/15 v3.2 Provides the ifpdf switch
) (/usr/local/texlive/2018/texmf-dist/tex/generic/oberdiek/ifvtex.sty
Package: ifvtex 2016/05/16 v1.6 Detect VTeX and its facilities (HO)
Package ifvtex Info: VTeX not detected.
) (/usr/local/texlive/2018/texmf-dist/tex/generic/ifxetex/ifxetex.sty
Package: ifxetex 2010/09/12 v0.6 Provides ifxetex conditional
)
\Gm@cnth=\count88
\Gm@cntv=\count89
\c@Gm@tempcnt=\count90
\Gm@bindingoffset=\dimen103
\Gm@wd@mp=\dimen104
\Gm@odd@mp=\dimen105
\Gm@even@mp=\dimen106
\Gm@layoutwidth=\dimen107
\Gm@layoutheight=\dimen108
\Gm@layouthoffset=\dimen109
\Gm@layoutvoffset=\dimen110
\Gm@dimlist=\toks15
) (/usr/local/texlive/2018/texmf-dist/tex/latex/graphics/graphicx.sty
Package: graphicx 2017/06/01 v1.1a Enhanced LaTeX Graphics (DPC,SPQR)
 (/usr/local/texlive/2018/texmf-dist/tex/latex/graphics/graphics.sty
Package: graphics 2017/06/25 v1.2c Standard LaTeX Graphics (DPC,SPQR)
 (/usr/local/texlive/2018/texmf-dist/tex/latex/graphics/trig.sty
Package: trig 2016/01/03 v1.10 sin cos tan (DPC)
) (/usr/local/texlive/2018/texmf-dist/tex/latex/graphics-cfg/graphics.cfg
File: graphics.cfg 2016/06/04 v1.11 sample graphics configuration
)
Package graphics Info: Driver file: pdftex.def on input line 99.
 (/usr/local/texlive/2018/texmf-dist/tex/latex/graphics-def/pdftex.def
File: pdftex.def 2018/01/08 v1.0l Graphics/color driver for pdftex
))
\Gin@req@height=\dimen111
\Gin@req@width=\dimen112
) (/usr/local/texlive/2018/texmf-dist/tex/latex/subfigure/subfigure.sty
Package: subfigure 2002/03/15 v2.1.5 subfigure package
\subfigtopskip=\skip43
\subfigcapskip=\skip44
\subfigcaptopadj=\dimen113
\subfigbottomskip=\skip45
\subfigcapmargin=\dimen114
\subfiglabelskip=\skip46
\c@subfigure=\count91
\c@lofdepth=\count92
\c@subtable=\count93
\c@lotdepth=\count94

****************************************
* Local config file subfigure.cfg used *
****************************************
(/usr/local/texlive/2018/texmf-dist/tex/latex/subfigure/subfigure.cfg)
\subfig@top=\skip47
\subfig@bottom=\skip48
) (/usr/local/texlive/2018/texmf-dist/tex/latex/base/inputenc.sty
Package: inputenc 2018/04/06 v1.3b Input encoding file
\inpenc@prehook=\toks16
\inpenc@posthook=\toks17
) (/usr/local/texlive/2018/texmf-dist/tex/latex/dirtytalk/dirtytalk.sty
Package: dirtytalk 2010/11/21 A package making "quoting" easier
 (/usr/local/texlive/2018/texmf-dist/tex/latex/oberdiek/kvoptions.sty
Package: kvoptions 2016/05/16 v3.12 Key value format for package options (HO)
 (/usr/local/texlive/2018/texmf-dist/tex/generic/oberdiek/ltxcmds.sty
Package: ltxcmds 2016/05/16 v1.23 LaTeX kernel commands for general use (HO)
) (/usr/local/texlive/2018/texmf-dist/tex/generic/oberdiek/kvsetkeys.sty
Package: kvsetkeys 2016/05/16 v1.17 Key value parser (HO)
 (/usr/local/texlive/2018/texmf-dist/tex/generic/oberdiek/infwarerr.sty
Package: infwarerr 2016/05/16 v1.4 Providing info/warning/error messages (HO)
) (/usr/local/texlive/2018/texmf-dist/tex/generic/oberdiek/etexcmds.sty
Package: etexcmds 2016/05/16 v1.6 Avoid name clashes with e-TeX commands (HO)
 (/usr/local/texlive/2018/texmf-dist/tex/generic/oberdiek/ifluatex.sty
Package: ifluatex 2016/05/16 v1.4 Provides the ifluatex switch (HO)
Package ifluatex Info: LuaTeX not detected.
)
Package etexcmds Info: Could not find \expanded.
(etexcmds)             That can mean that you are not using pdfTeX 1.50 or
(etexcmds)             that some package has redefined \expanded.
(etexcmds)             In the latter case, load this package earlier.
))) (/usr/local/texlive/2018/texmf-dist/tex/latex/base/ifthen.sty
Package: ifthen 2014/09/29 v1.1c Standard LaTeX ifthen package (DPC)
)
\c@dirtytalk@qdepth=\count95
) (/usr/local/texlive/2018/texmf-dist/tex/latex/amsfonts/amssymb.sty
Package: amssymb 2013/01/14 v3.01 AMS font symbols
 (/usr/local/texlive/2018/texmf-dist/tex/latex/amsfonts/amsfonts.sty
Package: amsfonts 2013/01/14 v3.01 Basic AMSFonts support
\@emptytoks=\toks18
\symAMSa=\mathgroup4
\symAMSb=\mathgroup5
LaTeX Font Info:    Overwriting math alphabet `\mathfrak' in version `bold'
(Font)                  U/euf/m/n --> U/euf/b/n on input line 106.
)) (/usr/local/texlive/2018/texmf-dist/tex/latex/amsmath/amsmath.sty
Package: amsmath 2017/09/02 v2.17a AMS math features
\@mathmargin=\skip49

For additional information on amsmath, use the `?' option.
(/usr/local/texlive/2018/texmf-dist/tex/latex/amsmath/amstext.sty
Package: amstext 2000/06/29 v2.01 AMS text
 (/usr/local/texlive/2018/texmf-dist/tex/latex/amsmath/amsgen.sty
File: amsgen.sty 1999/11/30 v2.0 generic functions
\@emptytoks=\toks19
\ex@=\dimen115
)) (/usr/local/texlive/2018/texmf-dist/tex/latex/amsmath/amsbsy.sty
Package: amsbsy 1999/11/29 v1.2d Bold Symbols
\pmbraise@=\dimen116
) (/usr/local/texlive/2018/texmf-dist/tex/latex/amsmath/amsopn.sty
Package: amsopn 2016/03/08 v2.02 operator names
)
\inf@bad=\count96
LaTeX Info: Redefining \frac on input line 213.
\uproot@=\count97
\leftroot@=\count98
LaTeX Info: Redefining \overline on input line 375.
\classnum@=\count99
\DOTSCASE@=\count100
LaTeX Info: Redefining \ldots on input line 472.
LaTeX Info: Redefining \dots on input line 475.
LaTeX Info: Redefining \cdots on input line 596.
\Mathstrutbox@=\box26
\strutbox@=\box27
\big@size=\dimen117
LaTeX Font Info:    Redeclaring font encoding OML on input line 712.
LaTeX Font Info:    Redeclaring font encoding OMS on input line 713.
\macc@depth=\count101
\c@MaxMatrixCols=\count102
\dotsspace@=\muskip10
\c@parentequation=\count103
\dspbrk@lvl=\count104
\tag@help=\toks20
\row@=\count105
\column@=\count106
\maxfields@=\count107
\andhelp@=\toks21
\eqnshift@=\dimen118
\alignsep@=\dimen119
\tagshift@=\dimen120
\tagwidth@=\dimen121
\totwidth@=\dimen122
\lineht@=\dimen123
\@envbody=\toks22
\multlinegap=\skip50
\multlinetaggap=\skip51
\mathdisplay@stack=\toks23
LaTeX Info: Redefining \[ on input line 2817.
LaTeX Info: Redefining \] on input line 2818.
) (/usr/local/texlive/2018/texmf-dist/tex/latex/hyperref/hyperref.sty
Package: hyperref 2018/02/06 v6.86b Hypertext links for LaTeX
 (/usr/local/texlive/2018/texmf-dist/tex/generic/oberdiek/hobsub-hyperref.sty
Package: hobsub-hyperref 2016/05/16 v1.14 Bundle oberdiek, subset hyperref (HO)
 (/usr/local/texlive/2018/texmf-dist/tex/generic/oberdiek/hobsub-generic.sty
Package: hobsub-generic 2016/05/16 v1.14 Bundle oberdiek, subset generic (HO)
Package: hobsub 2016/05/16 v1.14 Construct package bundles (HO)
Package hobsub Info: Skipping package `infwarerr' (already loaded).
Package hobsub Info: Skipping package `ltxcmds' (already loaded).
Package hobsub Info: Skipping package `ifluatex' (already loaded).
Package hobsub Info: Skipping package `ifvtex' (already loaded).
Package: intcalc 2016/05/16 v1.2 Expandable calculations with integers (HO)
Package hobsub Info: Skipping package `ifpdf' (already loaded).
Package hobsub Info: Skipping package `etexcmds' (already loaded).
Package hobsub Info: Skipping package `kvsetkeys' (already loaded).
Package: kvdefinekeys 2016/05/16 v1.4 Define keys (HO)
Package: pdftexcmds 2018/01/30 v0.27 Utility functions of pdfTeX for LuaTeX (HO)
Package pdftexcmds Info: LuaTeX not detected.
Package pdftexcmds Info: \pdf@primitive is available.
Package pdftexcmds Info: \pdf@ifprimitive is available.
Package pdftexcmds Info: \pdfdraftmode found.
Package: pdfescape 2016/05/16 v1.14 Implements pdfTeX's escape features (HO)
Package: bigintcalc 2016/05/16 v1.4 Expandable calculations on big integers (HO)
Package: bitset 2016/05/16 v1.2 Handle bit-vector datatype (HO)
Package: uniquecounter 2016/05/16 v1.3 Provide unlimited unique counter (HO)
)
Package hobsub Info: Skipping package `hobsub' (already loaded).
Package: letltxmacro 2016/05/16 v1.5 Let assignment for LaTeX macros (HO)
Package: hopatch 2016/05/16 v1.3 Wrapper for package hooks (HO)
Package: xcolor-patch 2016/05/16 xcolor patch
Package: atveryend 2016/05/16 v1.9 Hooks at the very end of document (HO)
Package atveryend Info: \enddocument detected (standard20110627).
Package: atbegshi 2016/06/09 v1.18 At begin shipout hook (HO)
Package: refcount 2016/05/16 v3.5 Data extraction from label references (HO)
Package: hycolor 2016/05/16 v1.8 Color options for hyperref/bookmark (HO)
) (/usr/local/texlive/2018/texmf-dist/tex/latex/oberdiek/auxhook.sty
Package: auxhook 2016/05/16 v1.4 Hooks for auxiliary files (HO)
)
\@linkdim=\dimen124
\Hy@linkcounter=\count108
\Hy@pagecounter=\count109
 (/usr/local/texlive/2018/texmf-dist/tex/latex/hyperref/pd1enc.def
File: pd1enc.def 2018/02/06 v6.86b Hyperref: PDFDocEncoding definition (HO)
Now handling font encoding PD1 ...
... no UTF-8 mapping file for font encoding PD1
)
\Hy@SavedSpaceFactor=\count110
 (/usr/local/texlive/2018/texmf-dist/tex/latex/latexconfig/hyperref.cfg
File: hyperref.cfg 2002/06/06 v1.2 hyperref configuration of TeXLive
)
Package hyperref Info: Hyper figures OFF on input line 4509.
Package hyperref Info: Link nesting OFF on input line 4514.
Package hyperref Info: Hyper index ON on input line 4517.
Package hyperref Info: Plain pages OFF on input line 4524.
Package hyperref Info: Backreferencing OFF on input line 4529.
Package hyperref Info: Implicit mode ON; LaTeX internals redefined.
Package hyperref Info: Bookmarks ON on input line 4762.
\c@Hy@tempcnt=\count111
 (/usr/local/texlive/2018/texmf-dist/tex/latex/url/url.sty
\Urlmuskip=\muskip11
Package: url 2013/09/16  ver 3.4  Verb mode for urls, etc.
)
LaTeX Info: Redefining \url on input line 5115.
\XeTeXLinkMargin=\dimen125
\Fld@menulength=\count112
\Field@Width=\dimen126
\Fld@charsize=\dimen127
Package hyperref Info: Hyper figures OFF on input line 6369.
Package hyperref Info: Link nesting OFF on input line 6374.
Package hyperref Info: Hyper index ON on input line 6377.
Package hyperref Info: backreferencing OFF on input line 6384.
Package hyperref Info: Link coloring OFF on input line 6389.
Package hyperref Info: Link coloring with OCG OFF on input line 6394.
Package hyperref Info: PDF/A mode OFF on input line 6399.
LaTeX Info: Redefining \ref on input line 6439.
LaTeX Info: Redefining \pageref on input line 6443.
\Hy@abspage=\count113
\c@Item=\count114
\c@Hfootnote=\count115
)
Package hyperref Info: Driver (autodetected): hpdftex.
 (/usr/local/texlive/2018/texmf-dist/tex/latex/hyperref/hpdftex.def
File: hpdftex.def 2018/02/06 v6.86b Hyperref driver for pdfTeX
\Fld@listcount=\count116
\c@bookmark@seq@number=\count117
 (/usr/local/texlive/2018/texmf-dist/tex/latex/oberdiek/rerunfilecheck.sty
Package: rerunfilecheck 2016/05/16 v1.8 Rerun checks for auxiliary files (HO)
Package uniquecounter Info: New unique counter `rerunfilecheck' on input line 282.
)
\Hy@SectionHShift=\skip52
) (/usr/local/texlive/2018/texmf-dist/tex/latex/cleveref/cleveref.sty
Package: cleveref 2018/03/03 v0.21.3 Intelligent cross-referencing
Package cleveref Info: `hyperref' support loaded on input line 2234.
LaTeX Info: Redefining \cref on input line 2234.
LaTeX Info: Redefining \Cref on input line 2234.
LaTeX Info: Redefining \crefrange on input line 2234.
LaTeX Info: Redefining \Crefrange on input line 2234.
LaTeX Info: Redefining \cpageref on input line 2234.
LaTeX Info: Redefining \Cpageref on input line 2234.
LaTeX Info: Redefining \cpagerefrange on input line 2234.
LaTeX Info: Redefining \Cpagerefrange on input line 2234.
LaTeX Info: Redefining \labelcref on input line 2234.
LaTeX Info: Redefining \labelcpageref on input line 2234.
) (/Users/robertshi/Desktop/F'19/oxfordExchange/4thYrProject/tex/draft_3_spell_and_grammar.aux)
\openout1 = `draft_3_spell_and_grammar.aux'.

LaTeX Font Info:    Checking defaults for OML/cmm/m/it on input line 19.
LaTeX Font Info:    ... okay on input line 19.
LaTeX Font Info:    Checking defaults for T1/cmr/m/n on input line 19.
LaTeX Font Info:    ... okay on input line 19.
LaTeX Font Info:    Checking defaults for OT1/cmr/m/n on input line 19.
LaTeX Font Info:    ... okay on input line 19.
LaTeX Font Info:    Checking defaults for OMS/cmsy/m/n on input line 19.
LaTeX Font Info:    ... okay on input line 19.
LaTeX Font Info:    Checking defaults for OMX/cmex/m/n on input line 19.
LaTeX Font Info:    ... okay on input line 19.
LaTeX Font Info:    Checking defaults for U/cmr/m/n on input line 19.
LaTeX Font Info:    ... okay on input line 19.
LaTeX Font Info:    Checking defaults for PD1/pdf/m/n on input line 19.
LaTeX Font Info:    ... okay on input line 19.

*geometry* driver: auto-detecting
*geometry* detected driver: pdftex
*geometry* verbose mode - [ preamble ] result:
* driver: pdftex
* paper: <default>
* layout: <same size as paper>
* layoutoffset:(h,v)=(0.0pt,0.0pt)
* modes: 
* h-part:(L,W,R)=(56.9055pt, 500.484pt, 56.9055pt)
* v-part:(T,H,B)=(56.9055pt, 681.15898pt, 56.9055pt)
* \paperwidth=614.295pt
* \paperheight=794.96999pt
* \textwidth=500.484pt
* \textheight=681.15898pt
* \oddsidemargin=-15.36449pt
* \evensidemargin=-15.36449pt
* \topmargin=-52.36449pt
* \headheight=12.0pt
* \headsep=25.0pt
* \topskip=12.0pt
* \footskip=30.0pt
* \marginparwidth=44.0pt
* \marginparsep=10.0pt
* \columnsep=10.0pt
* \skip\footins=10.8pt plus 4.0pt minus 2.0pt
* \hoffset=0.0pt
* \voffset=0.0pt
* \mag=1000
* \@twocolumnfalse
* \@twosidefalse
* \@mparswitchfalse
* \@reversemarginfalse
* (1in=72.27pt=25.4mm, 1cm=28.453pt)

(/usr/local/texlive/2018/texmf-dist/tex/context/base/mkii/supp-pdf.mkii
[Loading MPS to PDF converter (version 2006.09.02).]
\scratchcounter=\count118
\scratchdimen=\dimen128
\scratchbox=\box28
\nofMPsegments=\count119
\nofMParguments=\count120
\everyMPshowfont=\toks24
\MPscratchCnt=\count121
\MPscratchDim=\dimen129
\MPnumerator=\count122
\makeMPintoPDFobject=\count123
\everyMPtoPDFconversion=\toks25
) (/usr/local/texlive/2018/texmf-dist/tex/latex/oberdiek/epstopdf-base.sty
Package: epstopdf-base 2016/05/15 v2.6 Base part for package epstopdf
 (/usr/local/texlive/2018/texmf-dist/tex/latex/oberdiek/grfext.sty
Package: grfext 2016/05/16 v1.2 Manage graphics extensions (HO)
)
Package epstopdf-base Info: Redefining graphics rule for `.eps' on input line 438.
Package grfext Info: Graphics extension search list:
(grfext)             [.pdf,.png,.jpg,.mps,.jpeg,.jbig2,.jb2,.PDF,.PNG,.JPG,.JPEG,.JBIG2,.JB2,.eps]
(grfext)             \AppendGraphicsExtensions on input line 456.
 (/usr/local/texlive/2018/texmf-dist/tex/latex/latexconfig/epstopdf-sys.cfg
File: epstopdf-sys.cfg 2010/07/13 v1.3 Configuration of (r)epstopdf for TeX Live
))
\AtBeginShipoutBox=\box29
Package hyperref Info: Link coloring OFF on input line 19.
 (/usr/local/texlive/2018/texmf-dist/tex/latex/hyperref/nameref.sty
Package: nameref 2016/05/21 v2.44 Cross-referencing by name of section
 (/usr/local/texlive/2018/texmf-dist/tex/generic/oberdiek/gettitlestring.sty
Package: gettitlestring 2016/05/16 v1.5 Cleanup title references (HO)
)
\c@section@level=\count124
)
LaTeX Info: Redefining \ref on input line 19.
LaTeX Info: Redefining \pageref on input line 19.
LaTeX Info: Redefining \nameref on input line 19.
 (/Users/robertshi/Desktop/F'19/oxfordExchange/4thYrProject/tex/draft_3_spell_and_grammar.out) (/Users/robertshi/Desktop/F'19/oxfordExchange/4thYrProject/tex/draft_3_spell_and_grammar.out)
\@outlinefile=\write3
\openout3 = `draft_3_spell_and_grammar.out'.

 [1

{/usr/local/texlive/2018/texmf-var/fonts/map/pdftex/updmap/pdftex.map}]pdfTeX warning (ext4): destination with the same identifier (name{page.1}) has been already used, duplicate ignored
<to be read again> 
                   \relax 
l.58 \end{titlepage}
                     [1]pdfTeX warning (ext4): destination with the same identifier (name{page.1}) has been already used, duplicate ignored
<to be read again> 
                   \relax 
l.70 \newpage
              [1] [2] (/Users/robertshi/Desktop/F'19/oxfordExchange/4thYrProject/tex/draft_3_spell_and_grammar.toc
LaTeX Font Info:    Try loading font information for U+msa on input line 4.
 (/usr/local/texlive/2018/texmf-dist/tex/latex/amsfonts/umsa.fd
File: umsa.fd 2013/01/14 v3.01 AMS symbols A
)
LaTeX Font Info:    Try loading font information for U+msb on input line 4.
 (/usr/local/texlive/2018/texmf-dist/tex/latex/amsfonts/umsb.fd
File: umsb.fd 2013/01/14 v3.01 AMS symbols B
) [3])
\tf@toc=\write4
\openout4 = `draft_3_spell_and_grammar.toc'.

 [4]
<illustrator/non_driveby_white_bg.png, id=284, 442.2924pt x 211.0284pt>
File: illustrator/non_driveby_white_bg.png Graphic file (type png)
<use illustrator/non_driveby_white_bg.png>
Package pdftex.def Info: illustrator/non_driveby_white_bg.png  used on input line 98.
(pdftex.def)             Requested size: 225.21626pt x 107.45561pt.
<illustrator/driveby_white_bg.png, id=285, 450.483pt x 159.4758pt>
File: illustrator/driveby_white_bg.png Graphic file (type png)
<use illustrator/driveby_white_bg.png>
Package pdftex.def Info: illustrator/driveby_white_bg.png  used on input line 102.
(pdftex.def)             Requested size: 225.21626pt x 79.7304pt.
<screenshots/LaValle_joints.png, id=286, 280.04625pt x 164.615pt>
File: screenshots/LaValle_joints.png Graphic file (type png)
<use screenshots/LaValle_joints.png>
Package pdftex.def Info: screenshots/LaValle_joints.png  used on input line 112.
(pdftex.def)             Requested size: 500.484pt x 294.20438pt.
 [5] [6 </Users/robertshi/Desktop/F'19/oxfordExchange/4thYrProject/tex/illustrator/non_driveby_white_bg.png (PNG copy)> </Users/robertshi/Desktop/F'19/oxfordExchange/4thYrProject/tex/illustrator/driveby_white_bg.png (PNG copy)>]
<./images/2020.05.07/hsr_overview.png, id=314, 703.62875pt x 373.395pt>
File: ./images/2020.05.07/hsr_overview.png Graphic file (type png)
<use ./images/2020.05.07/hsr_overview.png>
Package pdftex.def Info: ./images/2020.05.07/hsr_overview.png  used on input line 125.
(pdftex.def)             Requested size: 500.484pt x 265.5909pt.
<./images/2020.05.07/hsr_base.png, id=316, 503.8825pt x 323.2075pt>
File: ./images/2020.05.07/hsr_base.png Graphic file (type png)
<use ./images/2020.05.07/hsr_base.png>
Package pdftex.def Info: ./images/2020.05.07/hsr_base.png  used on input line 132.
(pdftex.def)             Requested size: 300.29344pt x 192.61908pt.
 [7 </Users/robertshi/Desktop/F'19/oxfordExchange/4thYrProject/tex/screenshots/LaValle_joints.png>] [8 <./images/2020.05.07/hsr_overview.png>]
<screenshots/dw_caster.png, id=344, 375.4025pt x 226.8475pt>
File: screenshots/dw_caster.png Graphic file (type png)
<use screenshots/dw_caster.png>
Package pdftex.def Info: screenshots/dw_caster.png  used on input line 205.
(pdftex.def)             Requested size: 260.25381pt x 157.27606pt.
<screenshots/dw_caster_coord.png, id=345, 297.11pt x 224.84pt>
File: screenshots/dw_caster_coord.png Graphic file (type png)
<use screenshots/dw_caster_coord.png>
Package pdftex.def Info: screenshots/dw_caster_coord.png  used on input line 209.
(pdftex.def)             Requested size: 190.18636pt x 143.93141pt.
<./images/2020.05.07/base_roll_0_cropped.png, id=347, 818.05624pt x 986.68625pt>
File: ./images/2020.05.07/base_roll_0_cropped.png Graphic file (type png)
<use ./images/2020.05.07/base_roll_0_cropped.png>
Package pdftex.def Info: ./images/2020.05.07/base_roll_0_cropped.png  used on input line 221.
(pdftex.def)             Requested size: 225.21626pt x 271.63313pt.
<./images/2020.05.07/base_roll_1_cropped.png, id=348, 818.05624pt x 986.68625pt>
File: ./images/2020.05.07/base_roll_1_cropped.png Graphic file (type png)
<use ./images/2020.05.07/base_roll_1_cropped.png>
Package pdftex.def Info: ./images/2020.05.07/base_roll_1_cropped.png  used on input line 225.
(pdftex.def)             Requested size: 225.21626pt x 271.63313pt.
 [9 <./images/2020.05.07/hsr_base.png>]
<joints/d_arm_lift.png, id=358, 1678.27pt x 1374.13374pt>
File: joints/d_arm_lift.png Graphic file (type png)
<use joints/d_arm_lift.png>
Package pdftex.def Info: joints/d_arm_lift.png  used on input line 250.
(pdftex.def)             Requested size: 150.14671pt x 122.93283pt.
<joints/d_arm_flex.png, id=359, 1678.27pt x 1374.13374pt>
File: joints/d_arm_flex.png Graphic file (type png)
<use joints/d_arm_flex.png>
Package pdftex.def Info: joints/d_arm_flex.png  used on input line 255.
(pdftex.def)             Requested size: 150.14671pt x 122.93283pt.
<joints/d_arm_roll.png, id=360, 1678.27pt x 1374.13374pt>
File: joints/d_arm_roll.png Graphic file (type png)
<use joints/d_arm_roll.png>
Package pdftex.def Info: joints/d_arm_roll.png  used on input line 260.
(pdftex.def)             Requested size: 150.14671pt x 122.93283pt.
<joints/d_wrist_flex.png, id=361, 1678.27pt x 1374.13374pt>
File: joints/d_wrist_flex.png Graphic file (type png)
<use joints/d_wrist_flex.png>
Package pdftex.def Info: joints/d_wrist_flex.png  used on input line 265.
(pdftex.def)             Requested size: 150.14671pt x 122.93283pt.
<joints/d_wrist_roll.png, id=362, 1678.27pt x 1374.13374pt>
File: joints/d_wrist_roll.png Graphic file (type png)
<use joints/d_wrist_roll.png>
Package pdftex.def Info: joints/d_wrist_roll.png  used on input line 270.
(pdftex.def)             Requested size: 150.14671pt x 122.93283pt.
 [10 </Users/robertshi/Desktop/F'19/oxfordExchange/4thYrProject/tex/screenshots/dw_caster.png> </Users/robertshi/Desktop/F'19/oxfordExchange/4thYrProject/tex/screenshots/dw_caster_coord.png>] [11 <./images/2020.05.07/base_roll_0_cropped.png> <./images/2020.05.07/base_roll_1_cropped.png>] [12 </Users/robertshi/Desktop/F'19/oxfordExchange/4thYrProject/tex/joints/d_arm_lift.png> </Users/robertshi/Desktop/F'19/oxfordExchange/4thYrProject/tex/joints/d_arm_flex.png> </Users/robertshi/Desktop/F'19/oxfordExchange/4thYrProject/tex/joints/d_arm_roll.png> </Users/robertshi/Desktop/F'19/oxfordExchange/4thYrProject/tex/joints/d_wrist_flex.png> </Users/robertshi/Desktop/F'19/oxfordExchange/4thYrProject/tex/joints/d_wrist_roll.png>]
<images/algorithms/prm.png, id=402, 333.245pt x 239.89626pt>
File: images/algorithms/prm.png Graphic file (type png)
<use images/algorithms/prm.png>
Package pdftex.def Info: images/algorithms/prm.png  used on input line 309.
(pdftex.def)             Requested size: 225.21626pt x 162.13162pt.
<images/algorithms/prm_image.png, id=404, 882.29625pt x 545.03625pt>
File: images/algorithms/prm_image.png Graphic file (type png)
<use images/algorithms/prm_image.png>
Package pdftex.def Info: images/algorithms/prm_image.png  used on input line 314.
(pdftex.def)             Requested size: 225.21626pt x 139.12794pt.
 [13 </Users/robertshi/Desktop/F'19/oxfordExchange/4thYrProject/tex/images/algorithms/prm.png> </Users/robertshi/Desktop/F'19/oxfordExchange/4thYrProject/tex/images/algorithms/prm_image.png>]
<images/algorithms/rrt.png, id=419, 499.8675pt x 269.005pt>
File: images/algorithms/rrt.png Graphic file (type png)
<use images/algorithms/rrt.png>
Package pdftex.def Info: images/algorithms/rrt.png  used on input line 327.
(pdftex.def)             Requested size: 225.21626pt x 121.19888pt.
<images/algorithms/rrt_image.png, id=421, 540.0175pt x 303.1325pt>
File: images/algorithms/rrt_image.png Graphic file (type png)
<use images/algorithms/rrt_image.png>
Package pdftex.def Info: images/algorithms/rrt_image.png  used on input line 332.
(pdftex.def)             Requested size: 225.21626pt x 126.42207pt.
 [14 </Users/robertshi/Desktop/F'19/oxfordExchange/4thYrProject/tex/images/algorithms/rrt.png> </Users/robertshi/Desktop/F'19/oxfordExchange/4thYrProject/tex/images/algorithms/rrt_image.png>]
<images/algorithms/rrt_connect.png, id=432, 485.815pt x 392.46625pt>
File: images/algorithms/rrt_connect.png Graphic file (type png)
<use images/algorithms/rrt_connect.png>
Package pdftex.def Info: images/algorithms/rrt_connect.png  used on input line 345.
(pdftex.def)             Requested size: 225.21626pt x 181.93797pt.
<images/algorithms/rrt_connect_image.png, id=434, 223.83624pt x 224.84pt>
File: images/algorithms/rrt_connect_image.png Graphic file (type png)
<use images/algorithms/rrt_connect_image.png>
Package pdftex.def Info: images/algorithms/rrt_connect_image.png  used on input line 350.
(pdftex.def)             Requested size: 225.21626pt x 226.23233pt.
 [15] [16 </Users/robertshi/Desktop/F'19/oxfordExchange/4thYrProject/tex/images/algorithms/rrt_connect.png> </Users/robertshi/Desktop/F'19/oxfordExchange/4thYrProject/tex/images/algorithms/rrt_connect_image.png>] [17] [18]
<./images/algorithms/time_rrt_algo.png, id=474, 500.87125pt x 520.94624pt>
File: ./images/algorithms/time_rrt_algo.png Graphic file (type png)
<use ./images/algorithms/time_rrt_algo.png>
Package pdftex.def Info: ./images/algorithms/time_rrt_algo.png  used on input line 388.
(pdftex.def)             Requested size: 225.21626pt x 234.24081pt.
<./images/algorithms/time_rrt.png, id=477, 492.84125pt x 261.97874pt>
File: ./images/algorithms/time_rrt.png Graphic file (type png)
<use ./images/algorithms/time_rrt.png>
Package pdftex.def Info: ./images/algorithms/time_rrt.png  used on input line 393.
(pdftex.def)             Requested size: 225.21626pt x 119.72018pt.
 [19] [20 <./images/algorithms/time_rrt_algo.png> <./images/algorithms/time_rrt.png>]
<images/algorithms/ilqg.png, id=498, 470.75874pt x 357.335pt>
File: images/algorithms/ilqg.png Graphic file (type png)
<use images/algorithms/ilqg.png>
Package pdftex.def Info: images/algorithms/ilqg.png  used on input line 419.
(pdftex.def)             Requested size: 225.21626pt x 170.95178pt.
 [21 </Users/robertshi/Desktop/F'19/oxfordExchange/4thYrProject/tex/images/algorithms/ilqg.png>]
<images/algorithms/aico.png, id=508, 475.7775pt x 574.145pt>
File: images/algorithms/aico.png Graphic file (type png)
<use images/algorithms/aico.png>
Package pdftex.def Info: images/algorithms/aico.png  used on input line 429.
(pdftex.def)             Requested size: 225.21626pt x 271.7843pt.
 [22 </Users/robertshi/Desktop/F'19/oxfordExchange/4thYrProject/tex/images/algorithms/aico.png>] [23] [24] [25]
LaTeX Font Info:    Try loading font information for OMS+cmr on input line 476.
 (/usr/local/texlive/2018/texmf-dist/tex/latex/base/omscmr.fd
File: omscmr.fd 2014/09/29 v2.5h Standard LaTeX font definitions
)
LaTeX Font Info:    Font shape `OMS/cmr/m/n' in size <12> not available
(Font)              Font shape `OMS/cmsy/m/n' tried instead on input line 476.
 [26] [27]
<./images/2020.04.18/object_locations_gazebo.png, id=553, 2792.4325pt x 1589.94pt>
File: ./images/2020.04.18/object_locations_gazebo.png Graphic file (type png)
<use ./images/2020.04.18/object_locations_gazebo.png>
Package pdftex.def Info: ./images/2020.04.18/object_locations_gazebo.png  used on input line 529.
(pdftex.def)             Requested size: 225.21626pt x 128.21674pt.
<./images/2020.04.18/object_locations_rviz.png, id=554, 2188.175pt x 1589.94pt>
File: ./images/2020.04.18/object_locations_rviz.png Graphic file (type png)
<use ./images/2020.04.18/object_locations_rviz.png>
Package pdftex.def Info: ./images/2020.04.18/object_locations_rviz.png  used on input line 533.
(pdftex.def)             Requested size: 225.21626pt x 163.63707pt.
 [28]
<./images/2020.03.31/Solver_figure_positions.png, id=561, 1356.5079pt x 911.3247pt>
File: ./images/2020.03.31/Solver_figure_positions.png Graphic file (type png)
<use ./images/2020.03.31/Solver_figure_positions.png>
Package pdftex.def Info: ./images/2020.03.31/Solver_figure_positions.png  used on input line 549.
(pdftex.def)             Requested size: 375.36299pt x 252.16554pt.
<./images/2020.03.31/hsr_driveby_trajectory_position.png, id=562, 2760.3125pt x 1577.895pt>
File: ./images/2020.03.31/hsr_driveby_trajectory_position.png Graphic file (type png)
<use ./images/2020.03.31/hsr_driveby_trajectory_position.png>
Package pdftex.def Info: ./images/2020.03.31/hsr_driveby_trajectory_position.png  used on input line 553.
(pdftex.def)             Requested size: 225.21626pt x 128.73816pt.
<./images/2020.03.31/hsr_driveby_trajectory_velocities.png, id=563, 2760.3125pt x 1577.895pt>
File: ./images/2020.03.31/hsr_driveby_trajectory_velocities.png Graphic file (type png)
<use ./images/2020.03.31/hsr_driveby_trajectory_velocities.png>
Package pdftex.def Info: ./images/2020.03.31/hsr_driveby_trajectory_velocities.png  used on input line 556.
(pdftex.def)             Requested size: 225.21626pt x 128.73816pt.
<./images/2020.04.01/pos_joints.png, id=568, 959.08313pt x 897.3525pt>
File: ./images/2020.04.01/pos_joints.png Graphic file (type png)
<use ./images/2020.04.01/pos_joints.png>
Package pdftex.def Info: ./images/2020.04.01/pos_joints.png  used on input line 583.
(pdftex.def)             Requested size: 500.484pt x 468.26907pt.
<./images/2020.04.01/vel_joints.png, id=569, 957.5775pt x 895.09406pt>
File: ./images/2020.04.01/vel_joints.png Graphic file (type png)
<use ./images/2020.04.01/vel_joints.png>
Package pdftex.def Info: ./images/2020.04.01/vel_joints.png  used on input line 590.
(pdftex.def)             Requested size: 500.484pt x 467.82808pt.
 [29 <./images/2020.04.18/object_locations_gazebo.png> <./images/2020.04.18/object_locations_rviz.png>] [30 <./images/2020.03.31/Solver_figure_positions.png> <./images/2020.03.31/hsr_driveby_trajectory_position.png> <./images/2020.03.31/hsr_driveby_trajectory_velocities.png>] [31 <./images/2020.04.01/pos_joints.png (PNG copy)>] [32 <./images/2020.04.01/vel_joints.png (PNG copy)>]
<./images/2020.04.02/positions.png, id=600, 2483.9199pt x 1389.0294pt>
File: ./images/2020.04.02/positions.png Graphic file (type png)
<use ./images/2020.04.02/positions.png>
Package pdftex.def Info: ./images/2020.04.02/positions.png  used on input line 602.
(pdftex.def)             Requested size: 500.484pt x 279.85686pt.
 [33 <./images/2020.04.02/positions.png>]
<./images/2020.04.03/t8/figure_1_first_100_points_20_bins_trial6.png, id=613, 2483.9199pt x 1389.0294pt>
File: ./images/2020.04.03/t8/figure_1_first_100_points_20_bins_trial6.png Graphic file (type png)
<use ./images/2020.04.03/t8/figure_1_first_100_points_20_bins_trial6.png>
Package pdftex.def Info: ./images/2020.04.03/t8/figure_1_first_100_points_20_bins_trial6.png  used on input line 615.
(pdftex.def)             Requested size: 500.484pt x 279.85686pt.
<./images/2020.04.07/arm_vel_goals_set_to_zero.png, id=614, 2483.9199pt x 1389.0294pt>
File: ./images/2020.04.07/arm_vel_goals_set_to_zero.png Graphic file (type png)
<use ./images/2020.04.07/arm_vel_goals_set_to_zero.png>
Package pdftex.def Info: ./images/2020.04.07/arm_vel_goals_set_to_zero.png  used on input line 622.
(pdftex.def)             Requested size: 500.484pt x 279.85686pt.
 [34] [35 <./images/2020.04.03/t8/figure_1_first_100_points_20_bins_trial6.png>] [36 <./images/2020.04.07/arm_vel_goals_set_to_zero.png>]
<./images/2020.05.17/ideal_acc_9_6.png, id=645, 2512.8279pt x 1399.8699pt>
File: ./images/2020.05.17/ideal_acc_9_6.png Graphic file (type png)
<use ./images/2020.05.17/ideal_acc_9_6.png>
Package pdftex.def Info: ./images/2020.05.17/ideal_acc_9_6.png  used on input line 651.
(pdftex.def)             Requested size: 500.484pt x 278.7942pt.
<./images/2020.05.17/accelerations_adjusted.png, id=648, 2512.8279pt x 1399.8699pt>
File: ./images/2020.05.17/accelerations_adjusted.png Graphic file (type png)
<use ./images/2020.05.17/accelerations_adjusted.png>
Package pdftex.def Info: ./images/2020.05.17/accelerations_adjusted.png  used on input line 657.
(pdftex.def)             Requested size: 500.484pt x 278.7942pt.
 [37] [38 <./images/2020.05.17/ideal_acc_9_6.png>] [39 <./images/2020.05.17/accelerations_adjusted.png>] [40] (/Users/robertshi/Desktop/F'19/oxfordExchange/4thYrProject/tex/draft_3_spell_and_grammar.bbl [41] [42])
Package atveryend Info: Empty hook `BeforeClearDocument' on input line 695.
 [43]
Package atveryend Info: Empty hook `AfterLastShipout' on input line 695.
 (/Users/robertshi/Desktop/F'19/oxfordExchange/4thYrProject/tex/draft_3_spell_and_grammar.aux)
Package atveryend Info: Executing hook `AtVeryEndDocument' on input line 695.
Package atveryend Info: Executing hook `AtEndAfterFileList' on input line 695.
Package rerunfilecheck Info: File `draft_3_spell_and_grammar.out' has not changed.
(rerunfilecheck)             Checksum: 4F2E1C154BD309B42E042184147D1E34;3487.
Package atveryend Info: Empty hook `AtVeryVeryEnd' on input line 695.
 ) 
Here is how much of TeX's memory you used:
 8620 strings out of 492649
 142088 string characters out of 6129622
 245688 words of memory out of 5000000
 12171 multiletter control sequences out of 15000+600000
 14003 words of font info for 53 fonts, out of 8000000 for 9000
 1141 hyphenation exceptions out of 8191
 37i,8n,35p,1782b,440s stack positions out of 5000i,500n,10000p,200000b,80000s
</usr/local/texlive/2018/texmf-dist/fonts/type1/public/amsfonts/cm/cmbx12.pfb></usr/local/texlive/2018/texmf-dist/fonts/type1/public/amsfonts/cm/cmex10.pfb></usr/local/texlive/2018/texmf-dist/fonts/type1/public/amsfonts/cm/cmmi12.pfb></usr/local/texlive/2018/texmf-dist/fonts/type1/public/amsfonts/cm/cmmi8.pfb></usr/local/texlive/2018/texmf-dist/fonts/type1/public/amsfonts/cm/cmr10.pfb></usr/local/texlive/2018/texmf-dist/fonts/type1/public/amsfonts/cm/cmr12.pfb></usr/local/texlive/2018/texmf-dist/fonts/type1/public/amsfonts/cm/cmr17.pfb></usr/local/texlive/2018/texmf-dist/fonts/type1/public/amsfonts/cm/cmr7.pfb></usr/local/texlive/2018/texmf-dist/fonts/type1/public/amsfonts/cm/cmr8.pfb></usr/local/texlive/2018/texmf-dist/fonts/type1/public/amsfonts/cm/cmsy10.pfb></usr/local/texlive/2018/texmf-dist/fonts/type1/public/amsfonts/cm/cmsy8.pfb></usr/local/texlive/2018/texmf-dist/fonts/type1/public/amsfonts/cm/cmti12.pfb></usr/local/texlive/2018/texmf-dist/fonts/type1/public/amsfonts/symbols/msbm10.pfb>
Output written on /Users/robertshi/Desktop/F'19/oxfordExchange/4thYrProject/tex/draft_3_spell_and_grammar.pdf (45 pages, 7815856 bytes).
PDF statistics:
 768 PDF objects out of 1000 (max. 8388607)
 632 compressed objects within 7 object streams
 167 named destinations out of 1000 (max. 500000)
 573 words of extra memory for PDF output out of 10000 (max. 10000000)

