This is pdfTeX, Version 3.14159265-2.6-1.40.19 (TeX Live 2018) (preloaded format=pdflatex 2018.4.16)  7 MAY 2020 03:37
entering extended mode
 restricted \write18 enabled.
 file:line:error style messages enabled.
 %&-line parsing enabled.
**/Users/robertshi/Desktop/F'19/oxfordExchange/4thYrProject/tex/outline.tex
(/Users/robertshi/Desktop/F'19/oxfordExchange/4thYrProject/tex/outline.tex
LaTeX2e <2018-04-01> patch level 2
Babel <3.18> and hyphenation patterns for 84 language(s) loaded.
(/usr/local/texlive/2018/texmf-dist/tex/latex/base/article.cls
Document Class: article 2014/09/29 v1.4h Standard LaTeX document class
(/usr/local/texlive/2018/texmf-dist/tex/latex/base/size12.clo
File: size12.clo 2014/09/29 v1.4h Standard LaTeX file (size option)
)
\c@part=\count80
\c@section=\count81
\c@subsection=\count82
\c@subsubsection=\count83
\c@paragraph=\count84
\c@subparagraph=\count85
\c@figure=\count86
\c@table=\count87
\abovecaptionskip=\skip41
\belowcaptionskip=\skip42
\bibindent=\dimen102
) (/usr/local/texlive/2018/texmf-dist/tex/latex/geometry/geometry.sty
Package: geometry 2018/03/24 v5.7 Page Geometry
 (/usr/local/texlive/2018/texmf-dist/tex/latex/graphics/keyval.sty
Package: keyval 2014/10/28 v1.15 key=value parser (DPC)
\KV@toks@=\toks14
) (/usr/local/texlive/2018/texmf-dist/tex/generic/oberdiek/ifpdf.sty
Package: ifpdf 2017/03/15 v3.2 Provides the ifpdf switch
) (/usr/local/texlive/2018/texmf-dist/tex/generic/oberdiek/ifvtex.sty
Package: ifvtex 2016/05/16 v1.6 Detect VTeX and its facilities (HO)
Package ifvtex Info: VTeX not detected.
) (/usr/local/texlive/2018/texmf-dist/tex/generic/ifxetex/ifxetex.sty
Package: ifxetex 2010/09/12 v0.6 Provides ifxetex conditional
)
\Gm@cnth=\count88
\Gm@cntv=\count89
\c@Gm@tempcnt=\count90
\Gm@bindingoffset=\dimen103
\Gm@wd@mp=\dimen104
\Gm@odd@mp=\dimen105
\Gm@even@mp=\dimen106
\Gm@layoutwidth=\dimen107
\Gm@layoutheight=\dimen108
\Gm@layouthoffset=\dimen109
\Gm@layoutvoffset=\dimen110
\Gm@dimlist=\toks15
) (/usr/local/texlive/2018/texmf-dist/tex/latex/graphics/graphicx.sty
Package: graphicx 2017/06/01 v1.1a Enhanced LaTeX Graphics (DPC,SPQR)
 (/usr/local/texlive/2018/texmf-dist/tex/latex/graphics/graphics.sty
Package: graphics 2017/06/25 v1.2c Standard LaTeX Graphics (DPC,SPQR)
 (/usr/local/texlive/2018/texmf-dist/tex/latex/graphics/trig.sty
Package: trig 2016/01/03 v1.10 sin cos tan (DPC)
) (/usr/local/texlive/2018/texmf-dist/tex/latex/graphics-cfg/graphics.cfg
File: graphics.cfg 2016/06/04 v1.11 sample graphics configuration
)
Package graphics Info: Driver file: pdftex.def on input line 99.
 (/usr/local/texlive/2018/texmf-dist/tex/latex/graphics-def/pdftex.def
File: pdftex.def 2018/01/08 v1.0l Graphics/color driver for pdftex
))
\Gin@req@height=\dimen111
\Gin@req@width=\dimen112
) (/usr/local/texlive/2018/texmf-dist/tex/latex/subfigure/subfigure.sty
Package: subfigure 2002/03/15 v2.1.5 subfigure package
\subfigtopskip=\skip43
\subfigcapskip=\skip44
\subfigcaptopadj=\dimen113
\subfigbottomskip=\skip45
\subfigcapmargin=\dimen114
\subfiglabelskip=\skip46
\c@subfigure=\count91
\c@lofdepth=\count92
\c@subtable=\count93
\c@lotdepth=\count94

****************************************
* Local config file subfigure.cfg used *
****************************************
(/usr/local/texlive/2018/texmf-dist/tex/latex/subfigure/subfigure.cfg)
\subfig@top=\skip47
\subfig@bottom=\skip48
) (/usr/local/texlive/2018/texmf-dist/tex/latex/base/inputenc.sty
Package: inputenc 2018/04/06 v1.3b Input encoding file
\inpenc@prehook=\toks16
\inpenc@posthook=\toks17
) (/usr/local/texlive/2018/texmf-dist/tex/latex/dirtytalk/dirtytalk.sty
Package: dirtytalk 2010/11/21 A package making "quoting" easier
 (/usr/local/texlive/2018/texmf-dist/tex/latex/oberdiek/kvoptions.sty
Package: kvoptions 2016/05/16 v3.12 Key value format for package options (HO)
 (/usr/local/texlive/2018/texmf-dist/tex/generic/oberdiek/ltxcmds.sty
Package: ltxcmds 2016/05/16 v1.23 LaTeX kernel commands for general use (HO)
) (/usr/local/texlive/2018/texmf-dist/tex/generic/oberdiek/kvsetkeys.sty
Package: kvsetkeys 2016/05/16 v1.17 Key value parser (HO)
 (/usr/local/texlive/2018/texmf-dist/tex/generic/oberdiek/infwarerr.sty
Package: infwarerr 2016/05/16 v1.4 Providing info/warning/error messages (HO)
) (/usr/local/texlive/2018/texmf-dist/tex/generic/oberdiek/etexcmds.sty
Package: etexcmds 2016/05/16 v1.6 Avoid name clashes with e-TeX commands (HO)
 (/usr/local/texlive/2018/texmf-dist/tex/generic/oberdiek/ifluatex.sty
Package: ifluatex 2016/05/16 v1.4 Provides the ifluatex switch (HO)
Package ifluatex Info: LuaTeX not detected.
)
Package etexcmds Info: Could not find \expanded.
(etexcmds)             That can mean that you are not using pdfTeX 1.50 or
(etexcmds)             that some package has redefined \expanded.
(etexcmds)             In the latter case, load this package earlier.
))) (/usr/local/texlive/2018/texmf-dist/tex/latex/base/ifthen.sty
Package: ifthen 2014/09/29 v1.1c Standard LaTeX ifthen package (DPC)
)
\c@dirtytalk@qdepth=\count95
) (/usr/local/texlive/2018/texmf-dist/tex/latex/hyperref/hyperref.sty
Package: hyperref 2018/02/06 v6.86b Hypertext links for LaTeX
 (/usr/local/texlive/2018/texmf-dist/tex/generic/oberdiek/hobsub-hyperref.sty
Package: hobsub-hyperref 2016/05/16 v1.14 Bundle oberdiek, subset hyperref (HO)
 (/usr/local/texlive/2018/texmf-dist/tex/generic/oberdiek/hobsub-generic.sty
Package: hobsub-generic 2016/05/16 v1.14 Bundle oberdiek, subset generic (HO)
Package: hobsub 2016/05/16 v1.14 Construct package bundles (HO)
Package hobsub Info: Skipping package `infwarerr' (already loaded).
Package hobsub Info: Skipping package `ltxcmds' (already loaded).
Package hobsub Info: Skipping package `ifluatex' (already loaded).
Package hobsub Info: Skipping package `ifvtex' (already loaded).
Package: intcalc 2016/05/16 v1.2 Expandable calculations with integers (HO)
Package hobsub Info: Skipping package `ifpdf' (already loaded).
Package hobsub Info: Skipping package `etexcmds' (already loaded).
Package hobsub Info: Skipping package `kvsetkeys' (already loaded).
Package: kvdefinekeys 2016/05/16 v1.4 Define keys (HO)
Package: pdftexcmds 2018/01/30 v0.27 Utility functions of pdfTeX for LuaTeX (HO)
Package pdftexcmds Info: LuaTeX not detected.
Package pdftexcmds Info: \pdf@primitive is available.
Package pdftexcmds Info: \pdf@ifprimitive is available.
Package pdftexcmds Info: \pdfdraftmode found.
Package: pdfescape 2016/05/16 v1.14 Implements pdfTeX's escape features (HO)
Package: bigintcalc 2016/05/16 v1.4 Expandable calculations on big integers (HO)
Package: bitset 2016/05/16 v1.2 Handle bit-vector datatype (HO)
Package: uniquecounter 2016/05/16 v1.3 Provide unlimited unique counter (HO)
)
Package hobsub Info: Skipping package `hobsub' (already loaded).
Package: letltxmacro 2016/05/16 v1.5 Let assignment for LaTeX macros (HO)
Package: hopatch 2016/05/16 v1.3 Wrapper for package hooks (HO)
Package: xcolor-patch 2016/05/16 xcolor patch
Package: atveryend 2016/05/16 v1.9 Hooks at the very end of document (HO)
Package atveryend Info: \enddocument detected (standard20110627).
Package: atbegshi 2016/06/09 v1.18 At begin shipout hook (HO)
Package: refcount 2016/05/16 v3.5 Data extraction from label references (HO)
Package: hycolor 2016/05/16 v1.8 Color options for hyperref/bookmark (HO)
) (/usr/local/texlive/2018/texmf-dist/tex/latex/oberdiek/auxhook.sty
Package: auxhook 2016/05/16 v1.4 Hooks for auxiliary files (HO)
)
\@linkdim=\dimen115
\Hy@linkcounter=\count96
\Hy@pagecounter=\count97
 (/usr/local/texlive/2018/texmf-dist/tex/latex/hyperref/pd1enc.def
File: pd1enc.def 2018/02/06 v6.86b Hyperref: PDFDocEncoding definition (HO)
Now handling font encoding PD1 ...
... no UTF-8 mapping file for font encoding PD1
)
\Hy@SavedSpaceFactor=\count98
 (/usr/local/texlive/2018/texmf-dist/tex/latex/latexconfig/hyperref.cfg
File: hyperref.cfg 2002/06/06 v1.2 hyperref configuration of TeXLive
)
Package hyperref Info: Hyper figures OFF on input line 4509.
Package hyperref Info: Link nesting OFF on input line 4514.
Package hyperref Info: Hyper index ON on input line 4517.
Package hyperref Info: Plain pages OFF on input line 4524.
Package hyperref Info: Backreferencing OFF on input line 4529.
Package hyperref Info: Implicit mode ON; LaTeX internals redefined.
Package hyperref Info: Bookmarks ON on input line 4762.
\c@Hy@tempcnt=\count99
 (/usr/local/texlive/2018/texmf-dist/tex/latex/url/url.sty
\Urlmuskip=\muskip10
Package: url 2013/09/16  ver 3.4  Verb mode for urls, etc.
)
LaTeX Info: Redefining \url on input line 5115.
\XeTeXLinkMargin=\dimen116
\Fld@menulength=\count100
\Field@Width=\dimen117
\Fld@charsize=\dimen118
Package hyperref Info: Hyper figures OFF on input line 6369.
Package hyperref Info: Link nesting OFF on input line 6374.
Package hyperref Info: Hyper index ON on input line 6377.
Package hyperref Info: backreferencing OFF on input line 6384.
Package hyperref Info: Link coloring OFF on input line 6389.
Package hyperref Info: Link coloring with OCG OFF on input line 6394.
Package hyperref Info: PDF/A mode OFF on input line 6399.
LaTeX Info: Redefining \ref on input line 6439.
LaTeX Info: Redefining \pageref on input line 6443.
\Hy@abspage=\count101
\c@Item=\count102
\c@Hfootnote=\count103
)
Package hyperref Info: Driver (autodetected): hpdftex.
 (/usr/local/texlive/2018/texmf-dist/tex/latex/hyperref/hpdftex.def
File: hpdftex.def 2018/02/06 v6.86b Hyperref driver for pdfTeX
\Fld@listcount=\count104
\c@bookmark@seq@number=\count105
 (/usr/local/texlive/2018/texmf-dist/tex/latex/oberdiek/rerunfilecheck.sty
Package: rerunfilecheck 2016/05/16 v1.8 Rerun checks for auxiliary files (HO)
Package uniquecounter Info: New unique counter `rerunfilecheck' on input line 282.
)
\Hy@SectionHShift=\skip49
) (/Users/robertshi/Desktop/F'19/oxfordExchange/4thYrProject/tex/outline.aux)
\openout1 = `outline.aux'.

LaTeX Font Info:    Checking defaults for OML/cmm/m/it on input line 14.
LaTeX Font Info:    ... okay on input line 14.
LaTeX Font Info:    Checking defaults for T1/cmr/m/n on input line 14.
LaTeX Font Info:    ... okay on input line 14.
LaTeX Font Info:    Checking defaults for OT1/cmr/m/n on input line 14.
LaTeX Font Info:    ... okay on input line 14.
LaTeX Font Info:    Checking defaults for OMS/cmsy/m/n on input line 14.
LaTeX Font Info:    ... okay on input line 14.
LaTeX Font Info:    Checking defaults for OMX/cmex/m/n on input line 14.
LaTeX Font Info:    ... okay on input line 14.
LaTeX Font Info:    Checking defaults for U/cmr/m/n on input line 14.
LaTeX Font Info:    ... okay on input line 14.
LaTeX Font Info:    Checking defaults for PD1/pdf/m/n on input line 14.
LaTeX Font Info:    ... okay on input line 14.

*geometry* driver: auto-detecting
*geometry* detected driver: pdftex
*geometry* verbose mode - [ preamble ] result:
* driver: pdftex
* paper: <default>
* layout: <same size as paper>
* layoutoffset:(h,v)=(0.0pt,0.0pt)
* modes: 
* h-part:(L,W,R)=(56.9055pt, 500.484pt, 56.9055pt)
* v-part:(T,H,B)=(56.9055pt, 681.15898pt, 56.9055pt)
* \paperwidth=614.295pt
* \paperheight=794.96999pt
* \textwidth=500.484pt
* \textheight=681.15898pt
* \oddsidemargin=-15.36449pt
* \evensidemargin=-15.36449pt
* \topmargin=-52.36449pt
* \headheight=12.0pt
* \headsep=25.0pt
* \topskip=12.0pt
* \footskip=30.0pt
* \marginparwidth=44.0pt
* \marginparsep=10.0pt
* \columnsep=10.0pt
* \skip\footins=10.8pt plus 4.0pt minus 2.0pt
* \hoffset=0.0pt
* \voffset=0.0pt
* \mag=1000
* \@twocolumnfalse
* \@twosidefalse
* \@mparswitchfalse
* \@reversemarginfalse
* (1in=72.27pt=25.4mm, 1cm=28.453pt)

(/usr/local/texlive/2018/texmf-dist/tex/context/base/mkii/supp-pdf.mkii
[Loading MPS to PDF converter (version 2006.09.02).]
\scratchcounter=\count106
\scratchdimen=\dimen119
\scratchbox=\box26
\nofMPsegments=\count107
\nofMParguments=\count108
\everyMPshowfont=\toks18
\MPscratchCnt=\count109
\MPscratchDim=\dimen120
\MPnumerator=\count110
\makeMPintoPDFobject=\count111
\everyMPtoPDFconversion=\toks19
) (/usr/local/texlive/2018/texmf-dist/tex/latex/oberdiek/epstopdf-base.sty
Package: epstopdf-base 2016/05/15 v2.6 Base part for package epstopdf
 (/usr/local/texlive/2018/texmf-dist/tex/latex/oberdiek/grfext.sty
Package: grfext 2016/05/16 v1.2 Manage graphics extensions (HO)
)
Package epstopdf-base Info: Redefining graphics rule for `.eps' on input line 438.
Package grfext Info: Graphics extension search list:
(grfext)             [.pdf,.png,.jpg,.mps,.jpeg,.jbig2,.jb2,.PDF,.PNG,.JPG,.JPEG,.JBIG2,.JB2,.eps]
(grfext)             \AppendGraphicsExtensions on input line 456.
 (/usr/local/texlive/2018/texmf-dist/tex/latex/latexconfig/epstopdf-sys.cfg
File: epstopdf-sys.cfg 2010/07/13 v1.3 Configuration of (r)epstopdf for TeX Live
))
\AtBeginShipoutBox=\box27
Package hyperref Info: Link coloring OFF on input line 14.
 (/usr/local/texlive/2018/texmf-dist/tex/latex/hyperref/nameref.sty
Package: nameref 2016/05/21 v2.44 Cross-referencing by name of section
 (/usr/local/texlive/2018/texmf-dist/tex/generic/oberdiek/gettitlestring.sty
Package: gettitlestring 2016/05/16 v1.5 Cleanup title references (HO)
)
\c@section@level=\count112
)
LaTeX Info: Redefining \ref on input line 14.
LaTeX Info: Redefining \pageref on input line 14.
LaTeX Info: Redefining \nameref on input line 14.
 (/Users/robertshi/Desktop/F'19/oxfordExchange/4thYrProject/tex/outline.out) (/Users/robertshi/Desktop/F'19/oxfordExchange/4thYrProject/tex/outline.out)
\@outlinefile=\write3
\openout3 = `outline.out'.

LaTeX Font Info:    External font `cmex10' loaded for size
(Font)              <14.4> on input line 16.
LaTeX Font Info:    External font `cmex10' loaded for size
(Font)              <7> on input line 16.
 [1

{/usr/local/texlive/2018/texmf-var/fonts/map/pdftex/updmap/pdftex.map}] [2] [3] [4] (/Users/robertshi/Desktop/F'19/oxfordExchange/4thYrProject/tex/outline.toc
LaTeX Font Info:    External font `cmex10' loaded for size
(Font)              <12> on input line 5.
LaTeX Font Info:    External font `cmex10' loaded for size
(Font)              <8> on input line 5.
LaTeX Font Info:    External font `cmex10' loaded for size
(Font)              <6> on input line 5.
 [5])
\tf@toc=\write4
\openout4 = `outline.toc'.

 [6] [7]
<./images/2020.05.07/hsr_overview.png, id=310, 703.62875pt x 373.395pt>
File: ./images/2020.05.07/hsr_overview.png Graphic file (type png)
<use ./images/2020.05.07/hsr_overview.png>
Package pdftex.def Info: ./images/2020.05.07/hsr_overview.png  used on input line 47.
(pdftex.def)             Requested size: 500.484pt x 265.5909pt.
<./images/2020.05.07/hsr_base.png, id=312, 503.8825pt x 323.2075pt>
File: ./images/2020.05.07/hsr_base.png Graphic file (type png)
<use ./images/2020.05.07/hsr_base.png>
Package pdftex.def Info: ./images/2020.05.07/hsr_base.png  used on input line 54.
(pdftex.def)             Requested size: 300.29344pt x 192.61908pt.
 [8]
<./images/2020.05.07/base_roll_0_cropped.png, id=320, 818.05624pt x 986.68625pt>
File: ./images/2020.05.07/base_roll_0_cropped.png Graphic file (type png)
<use ./images/2020.05.07/base_roll_0_cropped.png>
Package pdftex.def Info: ./images/2020.05.07/base_roll_0_cropped.png  used on input line 68.
(pdftex.def)             Requested size: 225.21626pt x 271.63313pt.
<./images/2020.05.07/base_roll_1_cropped.png, id=321, 818.05624pt x 986.68625pt>
File: ./images/2020.05.07/base_roll_1_cropped.png Graphic file (type png)
<use ./images/2020.05.07/base_roll_1_cropped.png>
Package pdftex.def Info: ./images/2020.05.07/base_roll_1_cropped.png  used on input line 72.
(pdftex.def)             Requested size: 225.21626pt x 271.63313pt.
<./images/2020.05.07/Arm_labeled.png, id=322, 1138.2525pt x 776.9025pt>
File: ./images/2020.05.07/Arm_labeled.png Graphic file (type png)
<use ./images/2020.05.07/Arm_labeled.png>
Package pdftex.def Info: ./images/2020.05.07/Arm_labeled.png  used on input line 82.
(pdftex.def)             Requested size: 500.484pt x 341.60106pt.
 [9 <./images/2020.05.07/hsr_overview.png>] [10 <./images/2020.05.07/hsr_base.png>] [11 <./images/2020.05.07/base_roll_0_cropped.png> <./images/2020.05.07/base_roll_1_cropped.png>]
<./images/temp.png, id=345, 501.875pt x 501.875pt>
File: ./images/temp.png Graphic file (type png)
<use ./images/temp.png>
Package pdftex.def Info: ./images/temp.png  used on input line 102.
(pdftex.def)             Requested size: 227.62204pt x 227.62596pt.
 [12 <./images/2020.05.07/Arm_labeled.png>] [13 <./images/temp.png>]
File: ./images/temp.png Graphic file (type png)
<use ./images/temp.png>
Package pdftex.def Info: ./images/temp.png  used on input line 110.
(pdftex.def)             Requested size: 227.62204pt x 227.62596pt.
 [14]
File: ./images/temp.png Graphic file (type png)
<use ./images/temp.png>
Package pdftex.def Info: ./images/temp.png  used on input line 119.
(pdftex.def)             Requested size: 227.62204pt x 227.62596pt.
 [15] [16] [17] [18] [19] [20] [21] [22]
LaTeX Font Info:    Try loading font information for OMS+cmr on input line 193.
 (/usr/local/texlive/2018/texmf-dist/tex/latex/base/omscmr.fd
File: omscmr.fd 2014/09/29 v2.5h Standard LaTeX font definitions
)
LaTeX Font Info:    Font shape `OMS/cmr/m/n' in size <12> not available
(Font)              Font shape `OMS/cmsy/m/n' tried instead on input line 193.
 [23] [24]
<./images/2020.04.18/object_locations_gazebo.png, id=410, 2792.4325pt x 1589.94pt>
File: ./images/2020.04.18/object_locations_gazebo.png Graphic file (type png)
<use ./images/2020.04.18/object_locations_gazebo.png>
Package pdftex.def Info: ./images/2020.04.18/object_locations_gazebo.png  used on input line 246.
(pdftex.def)             Requested size: 225.21626pt x 128.21674pt.
<./images/2020.04.18/object_locations_rviz.png, id=411, 2188.175pt x 1589.94pt>
File: ./images/2020.04.18/object_locations_rviz.png Graphic file (type png)
<use ./images/2020.04.18/object_locations_rviz.png>
Package pdftex.def Info: ./images/2020.04.18/object_locations_rviz.png  used on input line 250.
(pdftex.def)             Requested size: 225.21626pt x 163.63707pt.
 [25] [26 <./images/2020.04.18/object_locations_gazebo.png> <./images/2020.04.18/object_locations_rviz.png>]
<./images/2020.03.31/Solver_figure_positions.png, id=424, 1356.5079pt x 911.3247pt>
File: ./images/2020.03.31/Solver_figure_positions.png Graphic file (type png)
<use ./images/2020.03.31/Solver_figure_positions.png>
Package pdftex.def Info: ./images/2020.03.31/Solver_figure_positions.png  used on input line 266.
(pdftex.def)             Requested size: 375.36299pt x 252.16554pt.
<./images/2020.03.31/hsr_driveby_trajectory_position.png, id=425, 2760.3125pt x 1577.895pt>
File: ./images/2020.03.31/hsr_driveby_trajectory_position.png Graphic file (type png)
<use ./images/2020.03.31/hsr_driveby_trajectory_position.png>
Package pdftex.def Info: ./images/2020.03.31/hsr_driveby_trajectory_position.png  used on input line 270.
(pdftex.def)             Requested size: 225.21626pt x 128.73816pt.
<./images/2020.03.31/hsr_driveby_trajectory_velocities.png, id=426, 2760.3125pt x 1577.895pt>
File: ./images/2020.03.31/hsr_driveby_trajectory_velocities.png Graphic file (type png)
<use ./images/2020.03.31/hsr_driveby_trajectory_velocities.png>
Package pdftex.def Info: ./images/2020.03.31/hsr_driveby_trajectory_velocities.png  used on input line 273.
(pdftex.def)             Requested size: 225.21626pt x 128.73816pt.


Package hyperref Warning: No autoref name for `subfigure' on input line 278.

<./images/2020.04.01/pos_joints.png, id=429, 959.08313pt x 897.3525pt>
File: ./images/2020.04.01/pos_joints.png Graphic file (type png)
<use ./images/2020.04.01/pos_joints.png>
Package pdftex.def Info: ./images/2020.04.01/pos_joints.png  used on input line 285.
(pdftex.def)             Requested size: 225.21626pt x 210.71355pt.
<./images/2020.04.01/vel_joints.png, id=430, 957.5775pt x 895.09406pt>
File: ./images/2020.04.01/vel_joints.png Graphic file (type png)
<use ./images/2020.04.01/vel_joints.png>
Package pdftex.def Info: ./images/2020.04.01/vel_joints.png  used on input line 289.
(pdftex.def)             Requested size: 225.21626pt x 210.51102pt.
<./images/2020.04.01/effort_joints.png, id=431, 885.3075pt x 791.20593pt>
File: ./images/2020.04.01/effort_joints.png Graphic file (type png)
<use ./images/2020.04.01/effort_joints.png>
Package pdftex.def Info: ./images/2020.04.01/effort_joints.png  used on input line 292.
(pdftex.def)             Requested size: 225.21626pt x 201.27797pt.
<./images/2020.04.02/positions.png, id=434, 2483.9199pt x 1389.0294pt>
File: ./images/2020.04.02/positions.png Graphic file (type png)
<use ./images/2020.04.02/positions.png>
Package pdftex.def Info: ./images/2020.04.02/positions.png  used on input line 302.
(pdftex.def)             Requested size: 500.484pt x 279.85686pt.

Package hyperref Warning: No autoref name for `subfigure' on input line 309.


Package hyperref Warning: No autoref name for `subfigure' on input line 309.


Package hyperref Warning: No autoref name for `subfigure' on input line 309.


Package hyperref Warning: No autoref name for `subfigure' on input line 310.


Package hyperref Warning: No autoref name for `subfigure' on input line 310.

[27] [28 <./images/2020.03.31/Solver_figure_positions.png> <./images/2020.03.31/hsr_driveby_trajectory_position.png> <./images/2020.03.31/hsr_driveby_trajectory_velocities.png>] [29 <./images/2020.04.01/pos_joints.png (PNG copy)> <./images/2020.04.01/vel_joints.png (PNG copy)> <./images/2020.04.01/effort_joints.png (PNG copy)>] [30 <./images/2020.04.02/positions.png>]
<./images/2020.04.03/t8/figure_1_first_100_points_20_bins_trial6.png, id=469, 2483.9199pt x 1389.0294pt>
File: ./images/2020.04.03/t8/figure_1_first_100_points_20_bins_trial6.png Graphic file (type png)
<use ./images/2020.04.03/t8/figure_1_first_100_points_20_bins_trial6.png>
Package pdftex.def Info: ./images/2020.04.03/t8/figure_1_first_100_points_20_bins_trial6.png  used on input line 315.
(pdftex.def)             Requested size: 500.484pt x 279.85686pt.
<./images/2020.04.07/arm_vel_goals_set_to_zero.png, id=470, 2483.9199pt x 1389.0294pt>
File: ./images/2020.04.07/arm_vel_goals_set_to_zero.png Graphic file (type png)
<use ./images/2020.04.07/arm_vel_goals_set_to_zero.png>
Package pdftex.def Info: ./images/2020.04.07/arm_vel_goals_set_to_zero.png  used on input line 322.
(pdftex.def)             Requested size: 500.484pt x 279.85686pt.


Package hyperref Warning: No autoref name for `subfigure' on input line 331.


Package hyperref Warning: No autoref name for `subfigure' on input line 331.

[31] [32 <./images/2020.04.03/t8/figure_1_first_100_points_20_bins_trial6.png>]

Package hyperref Warning: No autoref name for `subfigure' on input line 349.

[33 <./images/2020.04.07/arm_vel_goals_set_to_zero.png>] [34] [35] [36] [37] [38]
Package atveryend Info: Empty hook `BeforeClearDocument' on input line 439.
 [39]
Package atveryend Info: Empty hook `AfterLastShipout' on input line 439.
 (/Users/robertshi/Desktop/F'19/oxfordExchange/4thYrProject/tex/outline.aux)
Package atveryend Info: Executing hook `AtVeryEndDocument' on input line 439.
Package atveryend Info: Executing hook `AtEndAfterFileList' on input line 439.
Package rerunfilecheck Info: File `outline.out' has not changed.
(rerunfilecheck)             Checksum: 585DC833EE9041A8303F8A4DDDE9FA99;3757.
Package atveryend Info: Empty hook `AtVeryVeryEnd' on input line 439.
 ) 
Here is how much of TeX's memory you used:
 6014 strings out of 492649
 93165 string characters out of 6129622
 189702 words of memory out of 5000000
 9692 multiletter control sequences out of 15000+600000
 8808 words of font info for 31 fonts, out of 8000000 for 9000
 1141 hyphenation exceptions out of 8191
 37i,7n,32p,1760b,501s stack positions out of 5000i,500n,10000p,200000b,80000s
</usr/local/texlive/2018/texmf-dist/fonts/type1/public/amsfonts/cm/cmbx12.pfb></usr/local/texlive/2018/texmf-dist/fonts/type1/public/amsfonts/cm/cmmi12.pfb></usr/local/texlive/2018/texmf-dist/fonts/type1/public/amsfonts/cm/cmmi8.pfb></usr/local/texlive/2018/texmf-dist/fonts/type1/public/amsfonts/cm/cmr10.pfb></usr/local/texlive/2018/texmf-dist/fonts/type1/public/amsfonts/cm/cmr12.pfb></usr/local/texlive/2018/texmf-dist/fonts/type1/public/amsfonts/cm/cmr17.pfb></usr/local/texlive/2018/texmf-dist/fonts/type1/public/amsfonts/cm/cmsy10.pfb></usr/local/texlive/2018/texmf-dist/fonts/type1/public/amsfonts/cm/cmsy8.pfb>
Output written on /Users/robertshi/Desktop/F'19/oxfordExchange/4thYrProject/tex/outline.pdf (39 pages, 4397052 bytes).
PDF statistics:
 582 PDF objects out of 1000 (max. 8388607)
 500 compressed objects within 5 object streams
 118 named destinations out of 1000 (max. 500000)
 518 words of extra memory for PDF output out of 10000 (max. 10000000)

